<?xml version="1.0" encoding="UTF-8"?>
<!-- Generated by org.testng.reporters.JUnitReportReporter -->
<testsuite hostname="amitsethi-Inspiron-7573" failures="0" tests="1" name="testRepoSelenium.testClass" time="25.378" errors="0" timestamp="2022-06-14T12:26:36 CST" skipped="0">
  <testcase classname="testRepoSelenium.testClass" name="test" time="25.378"/>
  <system-out/>
</testsuite> <!-- testRepoSelenium.testClass -->
